f:\research\mot\codes\trkipl\x64\release\vc140.pdb
f:\research\mot\codes\trkipl\x64\release\roisel.obj
f:\research\mot\codes\trkipl\x64\release\objtrk.obj
f:\research\mot\codes\trkipl\x64\release\pedestrian_icra.obj
f:\research\mot\codes\trkipl\x64\release\objdet.obj
f:\research\mot\codes\trkipl\x64\release\main.obj
f:\research\mot\codes\trkipl\x64\release\cfg.obj
f:\research\mot\codes\trkipl\x64\release\chgdet.obj
f:\research\mot\codes\trkipl\x64\release\slfcal.obj
f:\research\mot\codes\trkipl\x64\release\camcal.obj
f:\research\mot\codes\trkipl\x64\release\trkipl.exe
f:\research\mot\codes\trkipl\x64\release\trkipl.ipdb
f:\research\mot\codes\trkipl\x64\release\trkipl.iobj
f:\research\mot\codes\trkipl\x64\release\trkipl.pdb
e:\research\mot\codes\trkipl_v2.0\x64\release\camcal.obj
e:\research\mot\codes\trkipl_v2.0\x64\release\cfg.obj
e:\research\mot\codes\trkipl_v2.0\x64\release\chgdet.obj
e:\research\mot\codes\trkipl_v2.0\x64\release\main.obj
e:\research\mot\codes\trkipl_v2.0\x64\release\objdet.obj
e:\research\mot\codes\trkipl_v2.0\x64\release\objtrk.obj
e:\research\mot\codes\trkipl_v2.0\x64\release\pedestrian_icra.obj
e:\research\mot\codes\trkipl_v2.0\x64\release\roisel.obj
e:\research\mot\codes\trkipl_v2.0\x64\release\slfcal.obj
e:\research\mot\codes\trkipl_v2.0\x64\release\trkipl.ipdb
e:\research\mot\codes\trkipl_v2.0\x64\release\trkipl.iobj
e:\research\mot\codes\trkipl_v2.0\x64\release\trkipl.pdb
e:\research\mot\codes\trkipl_v2.0\x64\release\vc140.pdb
e:\research\mot\codes\trkipl_v2.0\x64\release\trkipl.exe
e:\research\mot\codes\trkipl_v2.0\x64\release\trkipl.tlog\cl.command.1.tlog
e:\research\mot\codes\trkipl_v2.0\x64\release\trkipl.tlog\cl.read.1.tlog
e:\research\mot\codes\trkipl_v2.0\x64\release\trkipl.tlog\cl.write.1.tlog
e:\research\mot\codes\trkipl_v2.0\x64\release\trkipl.tlog\link.command.1.tlog
e:\research\mot\codes\trkipl_v2.0\x64\release\trkipl.tlog\link.read.1.tlog
e:\research\mot\codes\trkipl_v2.0\x64\release\trkipl.tlog\link.write.1.tlog
