e:\research\mot\codes\trkipl_v2.0\x64\debug\vc140.pdb
d:\bupt\lab\tracking\trkipl_v2.0\x64\debug\vc140.pdb
d:\bupt\lab\tracking\trkipl_v2.0\x64\debug\vc140.idb
d:\bupt\lab\tracking\trkipl_v2.0\x64\debug\chgdet.obj
d:\bupt\lab\tracking\trkipl_v2.0\x64\debug\cfg.obj
d:\bupt\lab\tracking\trkipl_v2.0\x64\debug\main.obj
d:\bupt\lab\tracking\trkipl_v2.0\x64\debug\objdet.obj
d:\bupt\lab\tracking\trkipl_v2.0\x64\debug\objtrk.obj
d:\bupt\lab\tracking\trkipl_v2.0\x64\debug\roisel.obj
d:\bupt\lab\tracking\trkipl_v2.0\x64\debug\camcal.obj
e:\research\mot\codes\trkipl_v2.0\x64\debug\trkipl.ilk
e:\research\mot\codes\trkipl_v2.0\x64\debug\trkipl.exe
e:\research\mot\codes\trkipl_v2.0\x64\debug\trkipl.pdb
d:\bupt\lab\tracking\trkipl_v2.0\x64\debug\trkipl.ilk
d:\bupt\lab\tracking\trkipl_v2.0\x64\debug\trkipl.exe
d:\bupt\lab\tracking\trkipl_v2.0\x64\debug\trkipl.pdb
d:\bupt\lab\tracking\trkipl_v2.0\x64\debug\pedestrian_icra.obj
d:\bupt\lab\tracking\trkipl_v2.0\x64\debug\trkipl.tlog\cl.command.1.tlog
d:\bupt\lab\tracking\trkipl_v2.0\x64\debug\trkipl.tlog\cl.read.1.tlog
d:\bupt\lab\tracking\trkipl_v2.0\x64\debug\trkipl.tlog\cl.write.1.tlog
d:\bupt\lab\tracking\trkipl_v2.0\x64\debug\trkipl.tlog\link.command.1.tlog
d:\bupt\lab\tracking\trkipl_v2.0\x64\debug\trkipl.tlog\link.read.1.tlog
d:\bupt\lab\tracking\trkipl_v2.0\x64\debug\trkipl.tlog\link.write.1.tlog
