c:\users\zheng\desktop\mctipl\x64\release\vc140.pdb
c:\users\zheng\desktop\mctipl\x64\release\twgmmf_2wgmmf_beijing.obj
c:\users\zheng\desktop\mctipl\x64\release\stdafx.obj
c:\users\zheng\desktop\mctipl\x64\release\mctipl.exe
c:\users\zheng\desktop\mctipl\x64\release\mctipl.ipdb
c:\users\zheng\desktop\mctipl\x64\release\mctipl.iobj
c:\users\zheng\desktop\mctipl\x64\release\mctipl.pdb
d:\bupt\lab\tracking\mctipl_v1.0\x64\release\stdafx.obj
d:\bupt\lab\tracking\mctipl_v1.0\x64\release\twgmmf_2wgmmf_beijing.obj
d:\bupt\lab\tracking\mctipl_v1.0\x64\release\mctipl.ipdb
d:\bupt\lab\tracking\mctipl_v1.0\x64\release\mctipl.iobj
d:\bupt\lab\tracking\mctipl_v1.0\x64\release\mctipl.pdb
d:\bupt\lab\tracking\mctipl_v1.0\x64\release\vc140.pdb
d:\bupt\lab\tracking\mctipl_v1.0\x64\release\mctipl.exe
d:\bupt\lab\tracking\mctipl_v1.0\x64\release\mctipl.tlog\cl.command.1.tlog
d:\bupt\lab\tracking\mctipl_v1.0\x64\release\mctipl.tlog\cl.read.1.tlog
d:\bupt\lab\tracking\mctipl_v1.0\x64\release\mctipl.tlog\cl.write.1.tlog
d:\bupt\lab\tracking\mctipl_v1.0\x64\release\mctipl.tlog\link.command.1.tlog
d:\bupt\lab\tracking\mctipl_v1.0\x64\release\mctipl.tlog\link.read.1.tlog
d:\bupt\lab\tracking\mctipl_v1.0\x64\release\mctipl.tlog\link.write.1.tlog
