c:\users\zheng\desktop\mctipl\x64\debug\vc140.pdb
c:\users\zheng\desktop\mctipl\x64\debug\vc140.idb
c:\users\zheng\desktop\mctipl\x64\debug\twgmmf_2wgmmf_beijing.obj
c:\users\zheng\desktop\mctipl\x64\debug\stdafx.obj
c:\users\zheng\desktop\mctipl\x64\debug\mctipl.ilk
c:\users\zheng\desktop\mctipl\x64\debug\mctipl.exe
c:\users\zheng\desktop\mctipl\x64\debug\mctipl.pdb
d:\bupt\lab\tracking\mctipl_v1.0\x64\debug\stdafx.obj
d:\bupt\lab\tracking\mctipl_v1.0\x64\debug\twgmmf_2wgmmf_beijing.obj
d:\bupt\lab\tracking\mctipl_v1.0\x64\debug\mctipl.ilk
d:\bupt\lab\tracking\mctipl_v1.0\x64\debug\vc140.idb
d:\bupt\lab\tracking\mctipl_v1.0\x64\debug\mctipl.pdb
d:\bupt\lab\tracking\mctipl_v1.0\x64\debug\vc140.pdb
d:\bupt\lab\tracking\mctipl_v1.0\x64\debug\mctipl.exe
d:\bupt\lab\tracking\mctipl_v1.0\x64\debug\mctipl.tlog\cl.command.1.tlog
d:\bupt\lab\tracking\mctipl_v1.0\x64\debug\mctipl.tlog\cl.read.1.tlog
d:\bupt\lab\tracking\mctipl_v1.0\x64\debug\mctipl.tlog\cl.write.1.tlog
d:\bupt\lab\tracking\mctipl_v1.0\x64\debug\mctipl.tlog\link.command.1.tlog
d:\bupt\lab\tracking\mctipl_v1.0\x64\debug\mctipl.tlog\link.read.1.tlog
d:\bupt\lab\tracking\mctipl_v1.0\x64\debug\mctipl.tlog\link.write.1.tlog
